2024-08-22 17:53:27.865 [info] Log level: Info
2024-08-22 17:53:27.865 [info] VSCODE_MACHINE_ID: 999eb6e2-913e-444f-89da-5d51aa27278c
2024-08-22 17:53:27.865 [info] VSCODE_SESSION_ID: b57d83db-e6f6-4fda-a37e-0f2e0dafa3791724349205129
2024-08-22 17:53:27.865 [info] VSCODE_VERSION: 1.92.1
2024-08-22 17:53:27.865 [info] VSCODE_APP_NAME: Gitpod Code
2024-08-22 17:53:27.865 [info] VSCODE_APP_HOST: Gitpod
2024-08-22 17:53:27.865 [info] VSCODE_UI_KIND: web
2024-08-22 17:53:27.865 [info] GITPOD_WORKSPACE_CONTEXT_URL: https://github.com/freeCodeCamp/learn-celestial-bodies-database
2024-08-22 17:53:27.865 [info] GITPOD_INSTANCE_ID: db7748d4-b885-45d8-bed6-6c86df74ab89
2024-08-22 17:53:27.865 [info] GITPOD_WORKSPACE_URL: https://freecodecam-learncelest-sxttjpn0ha2.ws-us115.gitpod.io
2024-08-22 17:53:27.865 [info] Gitpod Web 7ff72a2
2024-08-22 17:53:27.865 [info] Reading sessions from keychain...
2024-08-22 17:53:28.031 [info] Getting sessions for all scopes...
2024-08-22 17:53:28.031 [info] Getting GitHub sessions for all scopes...
2024-08-22 17:53:28.031 [info] Getting sessions for function:accessCodeSyncStorage...
2024-08-22 17:53:28.031 [info] Got stored sessions!
2024-08-22 17:53:28.032 [info] Verified session with the following scopes: function:accessCodeSyncStorage function:closePort function:controlAdmission function:deleteEnvVar function:generateNewGitpodToken function:getDefaultWorkspaceImage function:getEnvVars function:getGitpodTokenScopes function:getIDToken function:getLoggedInUser function:getOpenPorts function:getSupportedWorkspaceClasses function:getTeams function:getToken function:getWorkspace function:getWorkspaceEnvVars function:getWorkspaceOwner function:getWorkspaceTimeout function:getWorkspaceUsers function:guessGitTokenScopes function:isWorkspaceOwner function:openPort function:sendHeartBeat function:setEnvVar function:setWorkspaceTimeout function:stopWorkspace function:takeSnapshot function:trackEvent function:updateGitStatus function:waitForSnapshot resource:contentBlob::*::create/get resource:envVar::freeCodeCamp/learn-celestial-bodies-database::create/get/update/delete resource:gitpodToken::*::create resource:snapshot::ws-freecodecam-learncelest-sxttjpn0ha2::create resource:token::*::get resource:userStorage::*::create/get/update resource:workspace::freecodecam-learncelest-sxttjpn0ha2::get/update resource:workspaceInstance::db7748d4-b885-45d8-bed6-6c86df74ab89::get/update/delete
2024-08-22 17:53:28.032 [info] Got 1 verified sessions.
2024-08-22 17:53:28.032 [info] Got 1 sessions for all scopes...
2024-08-22 17:53:28.032 [info] Got 1 sessions for function:accessCodeSyncStorage...
2024-08-22 17:53:28.231 [info] Got 1 GitHub sessions for all scopes...
2024-08-22 17:53:28.650 [info] Getting sessions for all scopes...
2024-08-22 17:53:28.650 [info] Got 1 sessions for all scopes...
2024-08-22 17:53:28.728 [info] Getting GitHub sessions for all scopes...
2024-08-22 17:53:28.728 [info] Got 1 GitHub sessions for all scopes...
2024-08-22 17:53:30.072 [info] Getting GitHub sessions for read:user,repo,user:email,workflow...
2024-08-22 17:53:30.072 [info] Got 0 GitHub sessions for read:user,repo,user:email,workflow...
2024-08-22 17:53:30.374 [info] Getting GitHub sessions for project,read:org,read:user,repo,user:email,workflow...
2024-08-22 17:53:30.374 [info] Got 0 GitHub sessions for project,read:org,read:user,repo,user:email,workflow...
2024-08-22 17:53:30.629 [info] Getting GitHub sessions for read:user,repo,user:email,workflow...
2024-08-22 17:53:30.629 [info] Got 0 GitHub sessions for read:user,repo,user:email,workflow...
2024-08-22 17:53:30.844 [info] Getting GitHub sessions for read:user,repo,user:email...
2024-08-22 17:53:30.844 [info] Got 0 GitHub sessions for read:user,repo,user:email...
2024-08-22 17:53:31.060 [info] Getting GitHub sessions for read:user,repo,user:email,workflow...
2024-08-22 17:53:31.060 [info] Got 0 GitHub sessions for read:user,repo,user:email,workflow...
