[660ns] Shutting down all processes 
[304.44µs] Terminating process supervisor with PID 36 (state: S, cmdlind: [supervisor run] <nil>). 
[31.388107ms] Terminating main process errored: wait: no child processes 
[31.759437ms] Terminating process bash with PID 3325 (state: S, cmdlind: [/usr/bin/bash --init-file /ide/out/vs/workbench/contrib/terminal/browser/media/shellIntegration-bash.sh] <nil>). 
[31.784767ms] Terminating main process errored: waitid: no child processes 
[31.866467ms] Terminating process node with PID 620 (state: R, cmdlind: [/ide/node --dns-result-order=ipv4first /ide/out/bootstrap-fork --type=extensionHost --transformURIs --useHostProxy=false] <nil>). 
[31.902017ms] Terminating main process errored: waitid: no child processes 
[31.902507ms] Terminating process postgres with PID 846 (state: S, cmdlind: [postgres: 12/main: logical replication launcher   ] <nil>). 
[31.915047ms] Terminating process node with PID 74 (state: R, cmdlind: [/ide/node /ide/out/server-main.js --log=info --install-builtin-extension gitpod.gitpod-theme --install-builtin-extension github.vscode-pull-request-github --install-extension coderoad.coderoad --port 23000 --host 0.0.0.0 --without-connection-token --server-data-dir /workspace/.vscode-remote --do-not-sync --start-server] <nil>). 
[31.926607ms] Terminating main process errored: waitid: no child processes 
[31.930237ms] Terminating process node with PID 722 (state: S, cmdlind: [/ide/node /ide/extensions/json-language-features/server/dist/node/jsonServerMain --node-ipc --clientProcessId=620] <nil>). 
[32.035837ms] Terminating main process errored: waitid: no child processes 
[32.066497ms] Terminating process postgres with PID 841 (state: S, cmdlind: [postgres: 12/main: checkpointer   ] <nil>). 
[32.070907ms] Terminating process postgres with PID 845 (state: S, cmdlind: [postgres: 12/main: stats collector   ] <nil>). 
[32.082597ms] Terminating process node with PID 607 (state: S, cmdlind: [/ide/node /ide/out/bootstrap-fork --type=fileWatcher] <nil>). 
[32.090627ms] Terminating main process errored: waitid: no child processes 
[32.106607ms] Terminating main process errored: waitid: no child processes 
[32.113207ms] Terminating main process errored: waitid: no child processes 
[32.149167ms] Terminating process node with PID 657 (state: S, cmdlind: [/ide/node /ide/out/bootstrap-fork --type=ptyHost --logsPath /workspace/.vscode-remote/data/logs/20240822T175309] <nil>). 
[32.207897ms] Terminating process postgres with PID 842 (state: S, cmdlind: [postgres: 12/main: background writer   ] <nil>). 
[32.222867ms] Terminating process bash with PID 684 (state: S, cmdlind: [/usr/bin/bash --init-file /ide/out/vs/workbench/contrib/terminal/browser/media/shellIntegration-bash.sh] <nil>). 
[32.239077ms] Terminating main process errored: waitid: no child processes 
[32.149967ms] Terminating process postgres with PID 843 (state: S, cmdlind: [postgres: 12/main: walwriter   ] <nil>). 
[32.285407ms] Terminating main process errored: waitid: no child processes 
[32.224007ms] Terminating process node with PID 714 (state: S, cmdlind: [/ide/node /ide/extensions/redhat.vscode-yaml/dist/languageserver.js --node-ipc --clientProcessId=620] <nil>). 
[32.246157ms] Terminating main process errored: waitid: no child processes 
[32.313157ms] Terminating main process errored: waitid: no child processes 
[32.417727ms] Terminating process postgres with PID 839 (state: S, cmdlind: [/usr/lib/postgresql/12/bin/postgres -D /var/lib/postgresql/12/main -c config_file=/etc/postgresql/12/main/postgresql.conf] <nil>). 
[32.717907ms] Terminating process postgres with PID 844 (state: S, cmdlind: [postgres: 12/main: autovacuum launcher   ] <nil>). 
[32.779117ms] Terminating main process errored: waitid: no child processes 
[33.456427ms] Terminating main process errored: waitid: no child processes 
[59.439594ms] Terminating main process errored: wait: no child processes 
[84.155471ms] Terminating main process errored: wait: no child processes 
[84.355061ms] Finished shutting down all processes. 
