2024-08-22 17:53:29.126 [info] [main] Log level: Info
2024-08-22 17:53:29.126 [info] [main] Validating found git in: "git"
2024-08-22 17:53:29.126 [info] [main] Using git "2.43.0" from "git"
2024-08-22 17:53:29.126 [info] [Model][doInitialScan] Initial repository scan started
2024-08-22 17:53:29.126 [info] > git rev-parse --show-toplevel [2ms]
2024-08-22 17:53:29.126 [info] > git rev-parse --git-dir --git-common-dir [4ms]
2024-08-22 17:53:29.126 [info] [Model][openRepository] Opened repository: /workspace/project
2024-08-22 17:53:29.126 [info] > git config --get commit.template [253ms]
2024-08-22 17:53:29.126 [info] > git rev-parse --show-toplevel [248ms]
2024-08-22 17:53:29.126 [info] > git for-each-ref --format=%(refname)%00%(upstream:short)%00%(objectname)%00%(upstream:track)%00%(upstream:remotename)%00%(upstream:remoteref) refs/heads/main refs/remotes/main [39ms]
2024-08-22 17:53:29.126 [warning] [Git][revParse] Unable to read file: ENOENT: no such file or directory, open '/workspace/project/.git/refs/remotes/origin/main'
2024-08-22 17:53:29.126 [info] > git rev-parse --show-toplevel [15ms]
2024-08-22 17:53:29.126 [info] [Model][doInitialScan] Initial repository scan completed - repositories (1), closed repositories (0), parent repositories (0), unsafe repositories (0)
2024-08-22 17:53:29.126 [info] > git rev-parse refs/remotes/origin/main [5ms]
2024-08-22 17:53:29.126 [info] > git status -z -uall [9ms]
2024-08-22 17:53:29.175 [info] > git for-each-ref --format=%(refname)%00%(upstream:short)%00%(objectname)%00%(upstream:track)%00%(upstream:remotename)%00%(upstream:remoteref) refs/heads/main refs/remotes/main [59ms]
2024-08-22 17:53:29.194 [info] > git config --get commit.template [19ms]
2024-08-22 17:53:29.205 [info] > git config --local branch.main.vscode-merge-base [13ms]
2024-08-22 17:53:29.206 [warning] [Git][config] git config failed: Failed to execute git
2024-08-22 17:53:29.224 [info] > git reflog main --grep-reflog=branch: Created from *. [10ms]
2024-08-22 17:53:29.236 [info] > git for-each-ref --format=%(refname)%00%(upstream:short)%00%(objectname)%00%(upstream:track)%00%(upstream:remotename)%00%(upstream:remoteref) refs/heads/main refs/remotes/main [30ms]
2024-08-22 17:53:29.243 [warning] [Git][revParse] Unable to read file: ENOENT: no such file or directory, open '/workspace/project/.git/refs/remotes/origin/main'
2024-08-22 17:53:29.244 [info] > git symbolic-ref --short refs/remotes/origin/HEAD [8ms]
2024-08-22 17:53:29.251 [info] > git rev-parse refs/remotes/origin/main [8ms]
2024-08-22 17:53:29.260 [info] > git for-each-ref --format=%(refname)%00%(upstream:short)%00%(objectname)%00%(upstream:track)%00%(upstream:remotename)%00%(upstream:remoteref) refs/heads/origin/main refs/remotes/origin/main [9ms]
2024-08-22 17:53:29.268 [info] > git status -z -uall [10ms]
2024-08-22 17:53:29.297 [info] > git for-each-ref --format=%(refname)%00%(upstream:short)%00%(objectname)%00%(upstream:track)%00%(upstream:remotename)%00%(upstream:remoteref) refs/heads/main refs/remotes/main [22ms]
2024-08-22 17:53:29.306 [info] > git config --local branch.main.vscode-merge-base origin/main [39ms]
2024-08-22 17:53:29.329 [info] > git config --get commit.template [14ms]
2024-08-22 17:53:29.329 [info] > git config --local branch.main.vscode-merge-base [23ms]
2024-08-22 17:53:29.382 [info] > git for-each-ref --format=%(refname)%00%(upstream:short)%00%(objectname)%00%(upstream:track)%00%(upstream:remotename)%00%(upstream:remoteref) refs/heads/origin/main refs/remotes/origin/main [43ms]
2024-08-22 17:53:29.408 [info] > git merge-base refs/heads/main refs/remotes/origin/main [16ms]
2024-08-22 17:53:29.416 [info] > git for-each-ref --format=%(refname)%00%(upstream:short)%00%(objectname)%00%(upstream:track)%00%(upstream:remotename)%00%(upstream:remoteref) refs/heads/main refs/remotes/main [34ms]
2024-08-22 17:53:29.609 [warning] [Git][revParse] Unable to read file: ENOENT: no such file or directory, open '/workspace/project/.git/refs/remotes/origin/main'
2024-08-22 17:53:29.611 [info] > git rev-list --count --left-right refs/heads/main...refs/remotes/origin/main [195ms]
2024-08-22 17:53:29.619 [info] > git rev-parse refs/remotes/origin/main [10ms]
2024-08-22 17:53:29.627 [info] > git diff --name-status -z --diff-filter=ADMR ebef6c6b5a5bd079e5abd81c2740b1261740ce15...refs/remotes/origin/main [9ms]
2024-08-22 17:53:29.630 [info] > git status -z -uall [4ms]
2024-08-22 17:53:29.643 [info] > git for-each-ref --format=%(refname)%00%(upstream:short)%00%(objectname)%00%(upstream:track)%00%(upstream:remotename)%00%(upstream:remoteref) refs/heads/main refs/remotes/main [5ms]
2024-08-22 17:53:29.862 [info] > git check-ignore -v -z --stdin [21ms]
2024-08-22 17:53:29.863 [info] > git config --local branch.main.vscode-merge-base [213ms]
2024-08-22 17:53:29.875 [info] > git for-each-ref --format=%(refname)%00%(upstream:short)%00%(objectname)%00%(upstream:track)%00%(upstream:remotename)%00%(upstream:remoteref) refs/heads/origin/main refs/remotes/origin/main [3ms]
2024-08-22 17:53:30.907 [info] > git config --get commit.template [9ms]
2024-08-22 17:53:30.909 [info] > git for-each-ref --format=%(refname)%00%(upstream:short)%00%(objectname)%00%(upstream:track)%00%(upstream:remotename)%00%(upstream:remoteref) refs/heads/main refs/remotes/main [3ms]
2024-08-22 17:53:30.918 [warning] [Git][revParse] Unable to read file: ENOENT: no such file or directory, open '/workspace/project/.git/refs/remotes/origin/main'
2024-08-22 17:53:30.921 [info] > git rev-parse refs/remotes/origin/main [2ms]
2024-08-22 17:53:30.933 [info] > git status -z -uall [3ms]
2024-08-22 17:53:30.947 [info] > git for-each-ref --format=%(refname)%00%(upstream:short)%00%(objectname)%00%(upstream:track)%00%(upstream:remotename)%00%(upstream:remoteref) refs/heads/main refs/remotes/main [3ms]
2024-08-22 17:53:30.958 [info] > git config --local branch.main.vscode-merge-base [2ms]
2024-08-22 17:53:30.971 [info] > git for-each-ref --format=%(refname)%00%(upstream:short)%00%(objectname)%00%(upstream:track)%00%(upstream:remotename)%00%(upstream:remoteref) refs/heads/origin/main refs/remotes/origin/main [3ms]
2024-08-22 17:53:31.238 [info] > git config --local branch.main.github-pr-owner-number [3ms]
2024-08-22 17:53:31.238 [warning] [Git][config] git config failed: Failed to execute git
2024-08-22 17:53:38.542 [info] > git config --get commit.template [12ms]
2024-08-22 17:53:38.542 [info] > git for-each-ref --format=%(refname)%00%(upstream:short)%00%(objectname)%00%(upstream:track)%00%(upstream:remotename)%00%(upstream:remoteref) refs/heads/main refs/remotes/main [3ms]
2024-08-22 17:53:38.554 [warning] [Git][revParse] Unable to read file: ENOENT: no such file or directory, open '/workspace/project/.git/refs/remotes/origin/main'
2024-08-22 17:53:38.558 [info] > git rev-parse refs/remotes/origin/main [4ms]
2024-08-22 17:53:38.570 [info] > git status -z -uall [4ms]
2024-08-22 17:53:38.585 [info] > git for-each-ref --format=%(refname)%00%(upstream:short)%00%(objectname)%00%(upstream:track)%00%(upstream:remotename)%00%(upstream:remoteref) refs/heads/main refs/remotes/main [6ms]
2024-08-22 17:53:38.597 [info] > git config --local branch.main.vscode-merge-base [3ms]
2024-08-22 17:53:38.610 [info] > git for-each-ref --format=%(refname)%00%(upstream:short)%00%(objectname)%00%(upstream:track)%00%(upstream:remotename)%00%(upstream:remoteref) refs/heads/origin/main refs/remotes/origin/main [2ms]
2024-08-22 17:53:38.625 [info] > git merge-base refs/heads/main refs/remotes/origin/main [1ms]
2024-08-22 17:53:38.639 [info] > git rev-list --count --left-right refs/heads/main...refs/remotes/origin/main [4ms]
2024-08-22 17:53:38.653 [info] > git diff --name-status -z --diff-filter=ADMR ebef6c6b5a5bd079e5abd81c2740b1261740ce15...refs/remotes/origin/main [3ms]
2024-08-22 17:53:38.717 [info] > git config --local branch.main.github-pr-owner-number [2ms]
2024-08-22 17:53:38.717 [warning] [Git][config] git config failed: Failed to execute git
2024-08-22 17:53:43.628 [info] > git config --get commit.template [23ms]
2024-08-22 17:53:43.638 [info] > git for-each-ref --format=%(refname)%00%(upstream:short)%00%(objectname)%00%(upstream:track)%00%(upstream:remotename)%00%(upstream:remoteref) refs/heads/main refs/remotes/main [13ms]
2024-08-22 17:53:43.649 [warning] [Git][revParse] Unable to read file: ENOENT: no such file or directory, open '/workspace/project/.git/refs/remotes/origin/main'
2024-08-22 17:53:43.653 [info] > git rev-parse refs/remotes/origin/main [4ms]
2024-08-22 17:53:43.688 [info] > git status -z -uall [23ms]
2024-08-22 17:53:43.727 [info] > git for-each-ref --format=%(refname)%00%(upstream:short)%00%(objectname)%00%(upstream:track)%00%(upstream:remotename)%00%(upstream:remoteref) refs/heads/main refs/remotes/main [11ms]
2024-08-22 17:53:43.749 [info] > git config --local branch.main.vscode-merge-base [6ms]
2024-08-22 17:53:43.765 [info] > git for-each-ref --format=%(refname)%00%(upstream:short)%00%(objectname)%00%(upstream:track)%00%(upstream:remotename)%00%(upstream:remoteref) refs/heads/origin/main refs/remotes/origin/main [5ms]
2024-08-22 17:53:48.746 [info] > git config --get commit.template [13ms]
2024-08-22 17:53:48.748 [info] > git for-each-ref --format=%(refname)%00%(upstream:short)%00%(objectname)%00%(upstream:track)%00%(upstream:remotename)%00%(upstream:remoteref) refs/heads/main refs/remotes/main [4ms]
2024-08-22 17:53:48.759 [warning] [Git][revParse] Unable to read file: ENOENT: no such file or directory, open '/workspace/project/.git/refs/remotes/origin/main'
2024-08-22 17:53:48.762 [info] > git rev-parse refs/remotes/origin/main [3ms]
2024-08-22 17:53:48.776 [info] > git status -z -uall [5ms]
2024-08-22 17:53:48.797 [info] > git for-each-ref --format=%(refname)%00%(upstream:short)%00%(objectname)%00%(upstream:track)%00%(upstream:remotename)%00%(upstream:remoteref) refs/heads/main refs/remotes/main [9ms]
2024-08-22 17:53:48.810 [info] > git config --local branch.main.vscode-merge-base [3ms]
2024-08-22 17:53:48.825 [info] > git for-each-ref --format=%(refname)%00%(upstream:short)%00%(objectname)%00%(upstream:track)%00%(upstream:remotename)%00%(upstream:remoteref) refs/heads/origin/main refs/remotes/origin/main [3ms]
2024-08-22 17:53:48.838 [info] > git merge-base refs/heads/main refs/remotes/origin/main [4ms]
2024-08-22 17:53:48.851 [info] > git rev-list --count --left-right refs/heads/main...refs/remotes/origin/main [4ms]
2024-08-22 17:53:48.867 [info] > git diff --name-status -z --diff-filter=ADMR ebef6c6b5a5bd079e5abd81c2740b1261740ce15...refs/remotes/origin/main [4ms]
2024-08-22 17:53:48.896 [info] > git config --local branch.main.github-pr-owner-number [2ms]
2024-08-22 17:53:48.897 [warning] [Git][config] git config failed: Failed to execute git
2024-08-22 17:53:53.817 [info] > git config --get commit.template [10ms]
2024-08-22 17:53:53.820 [info] > git for-each-ref --format=%(refname)%00%(upstream:short)%00%(objectname)%00%(upstream:track)%00%(upstream:remotename)%00%(upstream:remoteref) refs/heads/main refs/remotes/main [4ms]
2024-08-22 17:53:53.827 [warning] [Git][revParse] Unable to read file: ENOENT: no such file or directory, open '/workspace/project/.git/refs/remotes/origin/main'
2024-08-22 17:53:53.829 [info] > git rev-parse refs/remotes/origin/main [2ms]
2024-08-22 17:53:53.843 [info] > git status -z -uall [4ms]
2024-08-22 17:53:53.857 [info] > git for-each-ref --format=%(refname)%00%(upstream:short)%00%(objectname)%00%(upstream:track)%00%(upstream:remotename)%00%(upstream:remoteref) refs/heads/main refs/remotes/main [4ms]
2024-08-22 17:53:53.868 [info] > git config --local branch.main.vscode-merge-base [3ms]
2024-08-22 17:53:53.878 [info] > git for-each-ref --format=%(refname)%00%(upstream:short)%00%(objectname)%00%(upstream:track)%00%(upstream:remotename)%00%(upstream:remoteref) refs/heads/origin/main refs/remotes/origin/main [2ms]
2024-08-22 17:54:26.267 [info] > git config --get commit.template [7ms]
2024-08-22 17:54:26.269 [info] > git for-each-ref --format=%(refname)%00%(upstream:short)%00%(objectname)%00%(upstream:track)%00%(upstream:remotename)%00%(upstream:remoteref) refs/heads/main refs/remotes/main [3ms]
2024-08-22 17:54:26.276 [warning] [Git][revParse] Unable to read file: ENOENT: no such file or directory, open '/workspace/project/.git/refs/remotes/origin/main'
2024-08-22 17:54:26.277 [info] > git rev-parse refs/remotes/origin/main [1ms]
2024-08-22 17:54:26.287 [info] > git status -z -uall [3ms]
2024-08-22 17:54:26.296 [info] > git for-each-ref --format=%(refname)%00%(upstream:short)%00%(objectname)%00%(upstream:track)%00%(upstream:remotename)%00%(upstream:remoteref) refs/heads/main refs/remotes/main [2ms]
2024-08-22 17:54:26.305 [info] > git config --local branch.main.vscode-merge-base [1ms]
2024-08-22 17:54:26.313 [info] > git for-each-ref --format=%(refname)%00%(upstream:short)%00%(objectname)%00%(upstream:track)%00%(upstream:remotename)%00%(upstream:remoteref) refs/heads/origin/main refs/remotes/origin/main [2ms]
2024-08-22 17:54:31.310 [info] > git config --get commit.template [7ms]
2024-08-22 17:54:31.313 [info] > git for-each-ref --format=%(refname)%00%(upstream:short)%00%(objectname)%00%(upstream:track)%00%(upstream:remotename)%00%(upstream:remoteref) refs/heads/main refs/remotes/main [4ms]
2024-08-22 17:54:31.320 [warning] [Git][revParse] Unable to read file: ENOENT: no such file or directory, open '/workspace/project/.git/refs/remotes/origin/main'
2024-08-22 17:54:31.321 [info] > git rev-parse refs/remotes/origin/main [2ms]
2024-08-22 17:54:31.330 [info] > git status -z -uall [2ms]
2024-08-22 17:54:31.340 [info] > git for-each-ref --format=%(refname)%00%(upstream:short)%00%(objectname)%00%(upstream:track)%00%(upstream:remotename)%00%(upstream:remoteref) refs/heads/main refs/remotes/main [3ms]
2024-08-22 17:54:31.349 [info] > git config --local branch.main.vscode-merge-base [2ms]
2024-08-22 17:54:31.357 [info] > git for-each-ref --format=%(refname)%00%(upstream:short)%00%(objectname)%00%(upstream:track)%00%(upstream:remotename)%00%(upstream:remoteref) refs/heads/origin/main refs/remotes/origin/main [2ms]
2024-08-22 17:58:31.152 [info] > git config --local branch.main.github-pr-owner-number [1ms]
2024-08-22 17:58:31.152 [warning] [Git][config] git config failed: Failed to execute git
2024-08-22 18:03:31.161 [info] > git config --local branch.main.github-pr-owner-number [2ms]
2024-08-22 18:03:31.161 [warning] [Git][config] git config failed: Failed to execute git
2024-08-22 18:08:31.172 [info] > git config --local branch.main.github-pr-owner-number [2ms]
2024-08-22 18:08:31.172 [warning] [Git][config] git config failed: Failed to execute git
2024-08-22 18:11:20.044 [info] > git config --get commit.template [11ms]
2024-08-22 18:11:20.047 [info] > git for-each-ref --format=%(refname)%00%(upstream:short)%00%(objectname)%00%(upstream:track)%00%(upstream:remotename)%00%(upstream:remoteref) refs/heads/main refs/remotes/main [4ms]
2024-08-22 18:11:20.057 [warning] [Git][revParse] Unable to read file: ENOENT: no such file or directory, open '/workspace/project/.git/refs/remotes/origin/main'
2024-08-22 18:11:20.060 [info] > git rev-parse refs/remotes/origin/main [3ms]
2024-08-22 18:11:20.073 [info] > git status -z -uall [3ms]
2024-08-22 18:11:20.089 [info] > git for-each-ref --format=%(refname)%00%(upstream:short)%00%(objectname)%00%(upstream:track)%00%(upstream:remotename)%00%(upstream:remoteref) refs/heads/main refs/remotes/main [5ms]
2024-08-22 18:11:20.101 [info] > git config --local branch.main.vscode-merge-base [2ms]
2024-08-22 18:11:20.114 [info] > git for-each-ref --format=%(refname)%00%(upstream:short)%00%(objectname)%00%(upstream:track)%00%(upstream:remotename)%00%(upstream:remoteref) refs/heads/origin/main refs/remotes/origin/main [2ms]
2024-08-22 18:11:56.305 [info] > git config --get commit.template [10ms]
2024-08-22 18:11:56.309 [info] > git for-each-ref --format=%(refname)%00%(upstream:short)%00%(objectname)%00%(upstream:track)%00%(upstream:remotename)%00%(upstream:remoteref) refs/heads/main refs/remotes/main [4ms]
2024-08-22 18:11:56.316 [warning] [Git][revParse] Unable to read file: ENOENT: no such file or directory, open '/workspace/project/.git/refs/remotes/origin/main'
2024-08-22 18:11:56.318 [info] > git rev-parse refs/remotes/origin/main [2ms]
2024-08-22 18:11:56.329 [info] > git status -z -uall [3ms]
2024-08-22 18:11:56.342 [info] > git for-each-ref --format=%(refname)%00%(upstream:short)%00%(objectname)%00%(upstream:track)%00%(upstream:remotename)%00%(upstream:remoteref) refs/heads/main refs/remotes/main [4ms]
2024-08-22 18:11:56.351 [info] > git config --local branch.main.vscode-merge-base [1ms]
2024-08-22 18:11:56.362 [info] > git for-each-ref --format=%(refname)%00%(upstream:short)%00%(objectname)%00%(upstream:track)%00%(upstream:remotename)%00%(upstream:remoteref) refs/heads/origin/main refs/remotes/origin/main [2ms]
2024-08-22 18:12:01.355 [info] > git config --get commit.template [7ms]
2024-08-22 18:12:01.357 [info] > git for-each-ref --format=%(refname)%00%(upstream:short)%00%(objectname)%00%(upstream:track)%00%(upstream:remotename)%00%(upstream:remoteref) refs/heads/main refs/remotes/main [3ms]
2024-08-22 18:12:01.362 [warning] [Git][revParse] Unable to read file: ENOENT: no such file or directory, open '/workspace/project/.git/refs/remotes/origin/main'
2024-08-22 18:12:01.363 [info] > git rev-parse refs/remotes/origin/main [1ms]
2024-08-22 18:12:01.373 [info] > git status -z -uall [3ms]
2024-08-22 18:12:01.385 [info] > git for-each-ref --format=%(refname)%00%(upstream:short)%00%(objectname)%00%(upstream:track)%00%(upstream:remotename)%00%(upstream:remoteref) refs/heads/main refs/remotes/main [4ms]
2024-08-22 18:12:01.395 [info] > git config --local branch.main.vscode-merge-base [2ms]
2024-08-22 18:12:01.404 [info] > git for-each-ref --format=%(refname)%00%(upstream:short)%00%(objectname)%00%(upstream:track)%00%(upstream:remotename)%00%(upstream:remoteref) refs/heads/origin/main refs/remotes/origin/main [2ms]
2024-08-22 18:12:06.399 [info] > git config --get commit.template [8ms]
2024-08-22 18:12:06.402 [info] > git for-each-ref --format=%(refname)%00%(upstream:short)%00%(objectname)%00%(upstream:track)%00%(upstream:remotename)%00%(upstream:remoteref) refs/heads/main refs/remotes/main [4ms]
2024-08-22 18:12:06.409 [warning] [Git][revParse] Unable to read file: ENOENT: no such file or directory, open '/workspace/project/.git/refs/remotes/origin/main'
2024-08-22 18:12:06.411 [info] > git rev-parse refs/remotes/origin/main [2ms]
2024-08-22 18:12:06.420 [info] > git status -z -uall [3ms]
2024-08-22 18:12:06.430 [info] > git for-each-ref --format=%(refname)%00%(upstream:short)%00%(objectname)%00%(upstream:track)%00%(upstream:remotename)%00%(upstream:remoteref) refs/heads/main refs/remotes/main [3ms]
2024-08-22 18:12:06.438 [info] > git config --local branch.main.vscode-merge-base [2ms]
2024-08-22 18:12:06.445 [info] > git for-each-ref --format=%(refname)%00%(upstream:short)%00%(objectname)%00%(upstream:track)%00%(upstream:remotename)%00%(upstream:remoteref) refs/heads/origin/main refs/remotes/origin/main [2ms]
2024-08-22 18:13:31.194 [info] > git config --local branch.main.github-pr-owner-number [4ms]
2024-08-22 18:13:31.194 [warning] [Git][config] git config failed: Failed to execute git
2024-08-22 18:18:31.208 [info] > git config --local branch.main.github-pr-owner-number [5ms]
2024-08-22 18:18:31.209 [warning] [Git][config] git config failed: Failed to execute git
2024-08-22 18:23:31.219 [info] > git config --local branch.main.github-pr-owner-number [2ms]
2024-08-22 18:23:31.219 [warning] [Git][config] git config failed: Failed to execute git
2024-08-22 18:28:31.230 [info] > git config --local branch.main.github-pr-owner-number [2ms]
2024-08-22 18:28:31.230 [warning] [Git][config] git config failed: Failed to execute git
2024-08-22 18:33:31.240 [info] > git config --local branch.main.github-pr-owner-number [2ms]
2024-08-22 18:33:31.241 [warning] [Git][config] git config failed: Failed to execute git
2024-08-22 18:38:31.253 [info] > git config --local branch.main.github-pr-owner-number [3ms]
2024-08-22 18:38:31.253 [warning] [Git][config] git config failed: Failed to execute git
2024-08-22 18:39:05.874 [info] > git config --get commit.template [9ms]
2024-08-22 18:39:05.876 [info] > git for-each-ref --format=%(refname)%00%(upstream:short)%00%(objectname)%00%(upstream:track)%00%(upstream:remotename)%00%(upstream:remoteref) refs/heads/main refs/remotes/main [4ms]
2024-08-22 18:39:05.883 [warning] [Git][revParse] Unable to read file: ENOENT: no such file or directory, open '/workspace/project/.git/refs/remotes/origin/main'
2024-08-22 18:39:05.886 [info] > git rev-parse refs/remotes/origin/main [3ms]
2024-08-22 18:39:05.897 [info] > git status -z -uall [3ms]
2024-08-22 18:39:05.910 [info] > git for-each-ref --format=%(refname)%00%(upstream:short)%00%(objectname)%00%(upstream:track)%00%(upstream:remotename)%00%(upstream:remoteref) refs/heads/main refs/remotes/main [4ms]
2024-08-22 18:39:05.920 [info] > git config --local branch.main.vscode-merge-base [2ms]
2024-08-22 18:39:05.929 [info] > git for-each-ref --format=%(refname)%00%(upstream:short)%00%(objectname)%00%(upstream:track)%00%(upstream:remotename)%00%(upstream:remoteref) refs/heads/origin/main refs/remotes/origin/main [2ms]
2024-08-22 18:39:07.917 [info] > git check-ignore -v -z --stdin [2ms]
2024-08-22 18:39:09.511 [info] > git show --textconv :universe.sql [9ms]
2024-08-22 18:39:09.513 [info] > git ls-files --stage -- /workspace/project/universe.sql [3ms]
2024-08-22 18:39:58.594 [info] > git config --get commit.template [6ms]
2024-08-22 18:39:58.597 [info] > git for-each-ref --format=%(refname)%00%(upstream:short)%00%(objectname)%00%(upstream:track)%00%(upstream:remotename)%00%(upstream:remoteref) refs/heads/main refs/remotes/main [3ms]
2024-08-22 18:39:58.602 [warning] [Git][revParse] Unable to read file: ENOENT: no such file or directory, open '/workspace/project/.git/refs/remotes/origin/main'
2024-08-22 18:39:58.604 [info] > git rev-parse refs/remotes/origin/main [2ms]
2024-08-22 18:39:58.613 [info] > git status -z -uall [3ms]
2024-08-22 18:39:58.622 [info] > git for-each-ref --format=%(refname)%00%(upstream:short)%00%(objectname)%00%(upstream:track)%00%(upstream:remotename)%00%(upstream:remoteref) refs/heads/main refs/remotes/main [3ms]
2024-08-22 18:39:58.629 [info] > git config --local branch.main.vscode-merge-base [1ms]
2024-08-22 18:39:58.636 [info] > git for-each-ref --format=%(refname)%00%(upstream:short)%00%(objectname)%00%(upstream:track)%00%(upstream:remotename)%00%(upstream:remoteref) refs/heads/origin/main refs/remotes/origin/main [2ms]
2024-08-22 18:40:03.636 [info] > git config --get commit.template [7ms]
2024-08-22 18:40:03.638 [info] > git for-each-ref --format=%(refname)%00%(upstream:short)%00%(objectname)%00%(upstream:track)%00%(upstream:remotename)%00%(upstream:remoteref) refs/heads/main refs/remotes/main [2ms]
2024-08-22 18:40:03.644 [warning] [Git][revParse] Unable to read file: ENOENT: no such file or directory, open '/workspace/project/.git/refs/remotes/origin/main'
2024-08-22 18:40:03.646 [info] > git rev-parse refs/remotes/origin/main [2ms]
2024-08-22 18:40:03.655 [info] > git status -z -uall [3ms]
2024-08-22 18:40:03.665 [info] > git for-each-ref --format=%(refname)%00%(upstream:short)%00%(objectname)%00%(upstream:track)%00%(upstream:remotename)%00%(upstream:remoteref) refs/heads/main refs/remotes/main [3ms]
2024-08-22 18:40:03.674 [info] > git config --local branch.main.vscode-merge-base [1ms]
2024-08-22 18:40:03.683 [info] > git for-each-ref --format=%(refname)%00%(upstream:short)%00%(objectname)%00%(upstream:track)%00%(upstream:remotename)%00%(upstream:remoteref) refs/heads/origin/main refs/remotes/origin/main [3ms]
2024-08-22 18:40:08.678 [info] > git config --get commit.template [7ms]
2024-08-22 18:40:08.680 [info] > git for-each-ref --format=%(refname)%00%(upstream:short)%00%(objectname)%00%(upstream:track)%00%(upstream:remotename)%00%(upstream:remoteref) refs/heads/main refs/remotes/main [3ms]
2024-08-22 18:40:08.687 [warning] [Git][revParse] Unable to read file: ENOENT: no such file or directory, open '/workspace/project/.git/refs/remotes/origin/main'
2024-08-22 18:40:08.689 [info] > git rev-parse refs/remotes/origin/main [2ms]
2024-08-22 18:40:08.698 [info] > git status -z -uall [3ms]
2024-08-22 18:40:08.707 [info] > git for-each-ref --format=%(refname)%00%(upstream:short)%00%(objectname)%00%(upstream:track)%00%(upstream:remotename)%00%(upstream:remoteref) refs/heads/main refs/remotes/main [3ms]
2024-08-22 18:40:08.715 [info] > git config --local branch.main.vscode-merge-base [1ms]
2024-08-22 18:40:08.724 [info] > git for-each-ref --format=%(refname)%00%(upstream:short)%00%(objectname)%00%(upstream:track)%00%(upstream:remotename)%00%(upstream:remoteref) refs/heads/origin/main refs/remotes/origin/main [3ms]
2024-08-22 18:40:09.932 [info] > git show --textconv :universe.sql [7ms]
2024-08-22 18:40:09.933 [info] > git ls-files --stage -- /workspace/project/universe.sql [2ms]
2024-08-22 18:40:13.720 [info] > git config --get commit.template [7ms]
2024-08-22 18:40:13.723 [info] > git for-each-ref --format=%(refname)%00%(upstream:short)%00%(objectname)%00%(upstream:track)%00%(upstream:remotename)%00%(upstream:remoteref) refs/heads/main refs/remotes/main [3ms]
2024-08-22 18:40:13.729 [warning] [Git][revParse] Unable to read file: ENOENT: no such file or directory, open '/workspace/project/.git/refs/remotes/origin/main'
2024-08-22 18:40:13.731 [info] > git rev-parse refs/remotes/origin/main [2ms]
2024-08-22 18:40:13.740 [info] > git status -z -uall [3ms]
2024-08-22 18:40:13.749 [info] > git for-each-ref --format=%(refname)%00%(upstream:short)%00%(objectname)%00%(upstream:track)%00%(upstream:remotename)%00%(upstream:remoteref) refs/heads/main refs/remotes/main [3ms]
2024-08-22 18:40:13.756 [info] > git config --local branch.main.vscode-merge-base [2ms]
2024-08-22 18:40:13.765 [info] > git for-each-ref --format=%(refname)%00%(upstream:short)%00%(objectname)%00%(upstream:track)%00%(upstream:remotename)%00%(upstream:remoteref) refs/heads/origin/main refs/remotes/origin/main [2ms]
2024-08-22 18:40:29.610 [info] > git config --get commit.template [8ms]
2024-08-22 18:40:29.612 [info] > git for-each-ref --format=%(refname)%00%(upstream:short)%00%(objectname)%00%(upstream:track)%00%(upstream:remotename)%00%(upstream:remoteref) refs/heads/main refs/remotes/main [3ms]
2024-08-22 18:40:29.618 [warning] [Git][revParse] Unable to read file: ENOENT: no such file or directory, open '/workspace/project/.git/refs/remotes/origin/main'
2024-08-22 18:40:29.620 [info] > git rev-parse refs/remotes/origin/main [2ms]
2024-08-22 18:40:29.629 [info] > git status -z -uall [2ms]
2024-08-22 18:40:29.639 [info] > git for-each-ref --format=%(refname)%00%(upstream:short)%00%(objectname)%00%(upstream:track)%00%(upstream:remotename)%00%(upstream:remoteref) refs/heads/main refs/remotes/main [3ms]
2024-08-22 18:40:29.646 [info] > git config --local branch.main.vscode-merge-base [1ms]
2024-08-22 18:40:29.655 [info] > git for-each-ref --format=%(refname)%00%(upstream:short)%00%(objectname)%00%(upstream:track)%00%(upstream:remotename)%00%(upstream:remoteref) refs/heads/origin/main refs/remotes/origin/main [2ms]
2024-08-22 18:40:34.651 [info] > git config --get commit.template [7ms]
2024-08-22 18:40:34.653 [info] > git for-each-ref --format=%(refname)%00%(upstream:short)%00%(objectname)%00%(upstream:track)%00%(upstream:remotename)%00%(upstream:remoteref) refs/heads/main refs/remotes/main [3ms]
2024-08-22 18:40:34.659 [warning] [Git][revParse] Unable to read file: ENOENT: no such file or directory, open '/workspace/project/.git/refs/remotes/origin/main'
2024-08-22 18:40:34.661 [info] > git rev-parse refs/remotes/origin/main [2ms]
2024-08-22 18:40:34.670 [info] > git status -z -uall [3ms]
2024-08-22 18:40:34.679 [info] > git for-each-ref --format=%(refname)%00%(upstream:short)%00%(objectname)%00%(upstream:track)%00%(upstream:remotename)%00%(upstream:remoteref) refs/heads/main refs/remotes/main [2ms]
2024-08-22 18:40:34.687 [info] > git config --local branch.main.vscode-merge-base [1ms]
2024-08-22 18:40:34.695 [info] > git for-each-ref --format=%(refname)%00%(upstream:short)%00%(objectname)%00%(upstream:track)%00%(upstream:remotename)%00%(upstream:remoteref) refs/heads/origin/main refs/remotes/origin/main [2ms]
2024-08-22 18:40:39.692 [info] > git config --get commit.template [6ms]
2024-08-22 18:40:39.694 [info] > git for-each-ref --format=%(refname)%00%(upstream:short)%00%(objectname)%00%(upstream:track)%00%(upstream:remotename)%00%(upstream:remoteref) refs/heads/main refs/remotes/main [3ms]
2024-08-22 18:40:39.699 [warning] [Git][revParse] Unable to read file: ENOENT: no such file or directory, open '/workspace/project/.git/refs/remotes/origin/main'
2024-08-22 18:40:39.701 [info] > git rev-parse refs/remotes/origin/main [2ms]
2024-08-22 18:40:39.710 [info] > git status -z -uall [3ms]
2024-08-22 18:40:39.723 [info] > git for-each-ref --format=%(refname)%00%(upstream:short)%00%(objectname)%00%(upstream:track)%00%(upstream:remotename)%00%(upstream:remoteref) refs/heads/main refs/remotes/main [4ms]
2024-08-22 18:40:39.730 [info] > git config --local branch.main.vscode-merge-base [2ms]
2024-08-22 18:40:39.738 [info] > git for-each-ref --format=%(refname)%00%(upstream:short)%00%(objectname)%00%(upstream:track)%00%(upstream:remotename)%00%(upstream:remoteref) refs/heads/origin/main refs/remotes/origin/main [2ms]
2024-08-22 18:40:39.747 [info] > git merge-base refs/heads/main refs/remotes/origin/main [3ms]
2024-08-22 18:40:39.755 [info] > git rev-list --count --left-right refs/heads/main...refs/remotes/origin/main [2ms]
2024-08-22 18:40:39.764 [info] > git diff --name-status -z --diff-filter=ADMR ebef6c6b5a5bd079e5abd81c2740b1261740ce15...refs/remotes/origin/main [3ms]
2024-08-22 18:40:39.822 [info] > git config --local branch.main.github-pr-owner-number [2ms]
2024-08-22 18:40:39.822 [warning] [Git][config] git config failed: Failed to execute git
2024-08-22 18:41:24.783 [info] > git show --textconv :universe.sql [8ms]
2024-08-22 18:41:24.784 [info] > git ls-files --stage -- /workspace/project/universe.sql [2ms]
2024-08-22 18:41:30.191 [info] > git config --get commit.template [7ms]
2024-08-22 18:41:30.193 [info] > git for-each-ref --format=%(refname)%00%(upstream:short)%00%(objectname)%00%(upstream:track)%00%(upstream:remotename)%00%(upstream:remoteref) refs/heads/main refs/remotes/main [2ms]
2024-08-22 18:41:30.198 [warning] [Git][revParse] Unable to read file: ENOENT: no such file or directory, open '/workspace/project/.git/refs/remotes/origin/main'
2024-08-22 18:41:30.200 [info] > git rev-parse refs/remotes/origin/main [1ms]
2024-08-22 18:41:30.207 [info] > git status -z -uall [2ms]
2024-08-22 18:41:30.216 [info] > git for-each-ref --format=%(refname)%00%(upstream:short)%00%(objectname)%00%(upstream:track)%00%(upstream:remotename)%00%(upstream:remoteref) refs/heads/main refs/remotes/main [3ms]
2024-08-22 18:41:30.224 [info] > git config --local branch.main.vscode-merge-base [1ms]
2024-08-22 18:41:30.232 [info] > git for-each-ref --format=%(refname)%00%(upstream:short)%00%(objectname)%00%(upstream:track)%00%(upstream:remotename)%00%(upstream:remoteref) refs/heads/origin/main refs/remotes/origin/main [2ms]
2024-08-22 18:41:37.863 [info] > git config --get commit.template [7ms]
2024-08-22 18:41:37.865 [info] > git for-each-ref --format=%(refname)%00%(upstream:short)%00%(objectname)%00%(upstream:track)%00%(upstream:remotename)%00%(upstream:remoteref) refs/heads/main refs/remotes/main [3ms]
2024-08-22 18:41:37.871 [warning] [Git][revParse] Unable to read file: ENOENT: no such file or directory, open '/workspace/project/.git/refs/remotes/origin/main'
2024-08-22 18:41:37.873 [info] > git rev-parse refs/remotes/origin/main [2ms]
2024-08-22 18:41:37.882 [info] > git status -z -uall [2ms]
2024-08-22 18:41:37.894 [info] > git for-each-ref --format=%(refname)%00%(upstream:short)%00%(objectname)%00%(upstream:track)%00%(upstream:remotename)%00%(upstream:remoteref) refs/heads/main refs/remotes/main [4ms]
2024-08-22 18:41:37.902 [info] > git config --local branch.main.vscode-merge-base [1ms]
2024-08-22 18:41:37.911 [info] > git for-each-ref --format=%(refname)%00%(upstream:short)%00%(objectname)%00%(upstream:track)%00%(upstream:remotename)%00%(upstream:remoteref) refs/heads/origin/main refs/remotes/origin/main [2ms]
2024-08-22 18:41:42.904 [info] > git config --get commit.template [6ms]
2024-08-22 18:41:42.906 [info] > git for-each-ref --format=%(refname)%00%(upstream:short)%00%(objectname)%00%(upstream:track)%00%(upstream:remotename)%00%(upstream:remoteref) refs/heads/main refs/remotes/main [2ms]
2024-08-22 18:41:42.912 [warning] [Git][revParse] Unable to read file: ENOENT: no such file or directory, open '/workspace/project/.git/refs/remotes/origin/main'
2024-08-22 18:41:42.913 [info] > git rev-parse refs/remotes/origin/main [2ms]
2024-08-22 18:41:42.921 [info] > git status -z -uall [3ms]
2024-08-22 18:41:42.931 [info] > git for-each-ref --format=%(refname)%00%(upstream:short)%00%(objectname)%00%(upstream:track)%00%(upstream:remotename)%00%(upstream:remoteref) refs/heads/main refs/remotes/main [3ms]
2024-08-22 18:41:42.939 [info] > git config --local branch.main.vscode-merge-base [2ms]
2024-08-22 18:41:42.946 [info] > git for-each-ref --format=%(refname)%00%(upstream:short)%00%(objectname)%00%(upstream:track)%00%(upstream:remotename)%00%(upstream:remoteref) refs/heads/origin/main refs/remotes/origin/main [1ms]
