2024-08-22 16:39:07.016 [info] Log level: Info
2024-08-22 16:39:07.016 [info] VSCODE_MACHINE_ID: someValue.machineId
2024-08-22 16:39:07.016 [info] VSCODE_SESSION_ID: someValue.sessionId
2024-08-22 16:39:07.016 [info] VSCODE_VERSION: 1.92.1
2024-08-22 16:39:07.016 [info] VSCODE_APP_NAME: Gitpod Code
2024-08-22 16:39:07.016 [info] VSCODE_APP_HOST: Gitpod
2024-08-22 16:39:07.016 [info] VSCODE_UI_KIND: web
2024-08-22 16:39:07.016 [info] GITPOD_WORKSPACE_CONTEXT_URL: https://github.com/freeCodeCamp/learn-relational-databases-by-building-a-mario-database
2024-08-22 16:39:07.016 [info] GITPOD_INSTANCE_ID: 04ee1e54-dadd-4bf4-99dc-9836ad90c92d
2024-08-22 16:39:07.016 [info] GITPOD_WORKSPACE_URL: https://freecodecam-learnrelati-jsf85r2iqhd.ws-us115.gitpod.io
2024-08-22 16:39:07.016 [info] Gitpod Web 7ff72a2
2024-08-22 16:39:07.016 [info] Reading sessions from keychain...
2024-08-22 16:39:07.107 [info] Getting sessions for all scopes...
2024-08-22 16:39:07.107 [info] Getting GitHub sessions for all scopes...
2024-08-22 16:39:07.107 [info] Getting sessions for function:accessCodeSyncStorage...
2024-08-22 16:39:07.107 [info] Got stored sessions!
2024-08-22 16:39:07.107 [info] Verified session with the following scopes: function:accessCodeSyncStorage function:closePort function:controlAdmission function:deleteEnvVar function:generateNewGitpodToken function:getDefaultWorkspaceImage function:getEnvVars function:getGitpodTokenScopes function:getIDToken function:getLoggedInUser function:getOpenPorts function:getSupportedWorkspaceClasses function:getTeams function:getToken function:getWorkspace function:getWorkspaceEnvVars function:getWorkspaceOwner function:getWorkspaceTimeout function:getWorkspaceUsers function:guessGitTokenScopes function:isWorkspaceOwner function:openPort function:sendHeartBeat function:setEnvVar function:setWorkspaceTimeout function:stopWorkspace function:takeSnapshot function:trackEvent function:updateGitStatus function:waitForSnapshot resource:contentBlob::*::create/get resource:envVar::freeCodeCamp/learn-relational-databases-by-building-a-mario-database::create/get/update/delete resource:gitpodToken::*::create resource:snapshot::ws-freecodecam-learnrelati-jsf85r2iqhd::create resource:token::*::get resource:userStorage::*::create/get/update resource:workspace::freecodecam-learnrelati-jsf85r2iqhd::get/update resource:workspaceInstance::04ee1e54-dadd-4bf4-99dc-9836ad90c92d::get/update/delete
2024-08-22 16:39:07.107 [info] Got 1 verified sessions.
2024-08-22 16:39:07.107 [info] Got 1 sessions for all scopes...
2024-08-22 16:39:07.107 [info] Got 1 sessions for function:accessCodeSyncStorage...
2024-08-22 16:39:07.222 [info] Got 1 GitHub sessions for all scopes...
2024-08-22 16:39:07.282 [info] Getting sessions for all scopes...
2024-08-22 16:39:07.282 [info] Got 1 sessions for all scopes...
2024-08-22 16:39:07.346 [info] Getting GitHub sessions for all scopes...
2024-08-22 16:39:07.346 [info] Got 1 GitHub sessions for all scopes...
2024-08-22 16:39:09.137 [info] Getting GitHub sessions for read:user,repo,user:email,workflow...
2024-08-22 16:39:09.137 [info] Got 0 GitHub sessions for read:user,repo,user:email,workflow...
2024-08-22 16:39:09.777 [info] Getting GitHub sessions for project,read:org,read:user,repo,user:email,workflow...
2024-08-22 16:39:09.777 [info] Got 0 GitHub sessions for project,read:org,read:user,repo,user:email,workflow...
2024-08-22 16:39:09.981 [info] Getting GitHub sessions for read:user,repo,user:email,workflow...
2024-08-22 16:39:09.981 [info] Got 0 GitHub sessions for read:user,repo,user:email,workflow...
2024-08-22 16:39:10.183 [info] Getting GitHub sessions for read:user,repo,user:email...
2024-08-22 16:39:10.183 [info] Got 0 GitHub sessions for read:user,repo,user:email...
2024-08-22 16:39:10.408 [info] Getting GitHub sessions for read:user,repo,user:email,workflow...
2024-08-22 16:39:10.408 [info] Got 0 GitHub sessions for read:user,repo,user:email,workflow...
